#
# There is insufficient memory for the Java Runtime Environment to continue.
# Native memory allocation (mmap) failed to map 130023424 bytes for G1 virtual space
# Possible reasons:
#   The system is out of physical RAM or swap space
#   The process is running with CompressedOops enabled, and the Java Heap may be blocking the growth of the native heap
# Possible solutions:
#   Reduce memory load on the system
#   Increase physical memory or swap space
#   Check if swap backing store is full
#   Decrease Java heap size (-Xmx/-Xms)
#   Decrease number of Java threads
#   Decrease Java thread stack sizes (-Xss)
#   Set larger code cache with -XX:ReservedCodeCacheSize=
#   JVM is running with Unscaled Compressed Oops mode in which the Java heap is
#     placed in the first 4GB address space. The Java Heap base address is the
#     maximum limit for the native heap growth. Please use -XX:HeapBaseMinAddress
#     to set the Java Heap base and to place the Java Heap above 4GB virtual address.
# This output file may be truncated or incomplete.
#
#  Out of Memory Error (os_windows.cpp:3541), pid=14096, tid=2668
#
# JRE version:  (17.0.5+9) (build )
# Java VM: Java HotSpot(TM) 64-Bit Server VM (17.0.5+9-LTS-191, mixed mode, sharing, tiered, compressed oops, compressed class ptrs, g1 gc, windows-amd64)
# No core dump will be written. Minidumps are not enabled by default on client versions of Windows
#

---------------  S U M M A R Y ------------

Command Line: -Dfile.encoding=UTF-8 --module-path=D:\Duan1_Nhom7\build\classes Utilities.DBConnection

Host: 11th Gen Intel(R) Core(TM) i5-1135G7 @ 2.40GHz, 8 cores, 7G,  Windows 11 , 64 bit Build 22621 (10.0.22621.1194)
Time: Mon Mar 20 01:20:50 2023 SE Asia Standard Time elapsed time: 0.013669 seconds (0d 0h 0m 0s)

---------------  T H R E A D  ---------------

Current thread (0x0000026d8a53ae70):  JavaThread "Unknown thread" [_thread_in_vm, id=2668, stack(0x000000a7b0400000,0x000000a7b0500000)]

Stack: [0x000000a7b0400000,0x000000a7b0500000]
Native frames: (J=compiled Java code, j=interpreted, Vv=VM code, C=native code)
V  [jvm.dll+0x672eea]
V  [jvm.dll+0x7d2a04]
V  [jvm.dll+0x7d41ae]
V  [jvm.dll+0x7d4813]
V  [jvm.dll+0x242c15]
V  [jvm.dll+0x66fe09]
V  [jvm.dll+0x664682]
V  [jvm.dll+0x300e8b]
V  [jvm.dll+0x308426]
V  [jvm.dll+0x357ffe]
V  [jvm.dll+0x35822f]
V  [jvm.dll+0x2d80a8]
V  [jvm.dll+0x2d9014]
V  [jvm.dll+0x7a44e1]
V  [jvm.dll+0x365df1]
V  [jvm.dll+0x7838fc]
V  [jvm.dll+0x3e873f]
V  [jvm.dll+0x3ea1e1]
C  [jli.dll+0x527b]
C  [ucrtbase.dll+0x29363]
C  [KERNEL32.DLL+0x126bd]
C  [ntdll.dll+0x5dfb8]


---------------  P R O C E S S  ---------------

Threads class SMR info:
_java_thread_list=0x00007ffe66c5a8d8, length=0, elements={
}

Java Threads: ( => current thread )

Other Threads:
  0x0000026d8a594c00 GCTaskThread "GC Thread#0" [stack: 0x000000a7b0500000,0x000000a7b0600000] [id=6076]
  0x0000026d8a5a7170 ConcurrentGCThread "G1 Main Marker" [stack: 0x000000a7b0600000,0x000000a7b0700000] [id=17712]
  0x0000026d8a5a8220 ConcurrentGCThread "G1 Conc#0" [stack: 0x000000a7b0700000,0x000000a7b0800000] [id=2692]

[error occurred during error reporting (printing all threads), id 0xc0000005, EXCEPTION_ACCESS_VIOLATION (0xc0000005) at pc=0x00007ffe664a8a97]

VM state: not at safepoint (not fully initialized)

VM Mutex/Monitor currently owned by a thread:  ([mutex/lock_event])
[0x0000026d8a537430] Heap_lock - owner thread: 0x0000026d8a53ae70

Heap address: 0x0000000085200000, size: 1966 MB, Compressed Oops mode: 32-bit

CDS archive(s) mapped at: [0x0000000000000000-0x0000000000000000-0x0000000000000000), size 0, SharedBaseAddress: 0x0000000800000000, ArchiveRelocationMode: 0.
Narrow klass base: 0x0000000000000000, Narrow klass shift: 0, Narrow klass range: 0x0

GC Precious Log:
<Empty>

Heap:
 garbage-first heap   total 0K, used 0K [0x0000000085200000, 0x0000000100000000)
  region size 1024K, 0 young (0K), 0 survivors (0K)

[error occurred during error reporting (printing heap information), id 0xc0000005, EXCEPTION_ACCESS_VIOLATION (0xc0000005) at pc=0x00007ffe6688c399]

GC Heap History (0 events):
No events

Deoptimization events (0 events):
No events

Classes unloaded (0 events):
No events

Classes redefined (0 events):
No events

Internal exceptions (0 events):
No events

VM Operations (0 events):
No events

Events (1 events):
Event: 0.007 Loaded shared library C:\Program Files\Java\jdk-17.0.5\bin\java.dll


Dynamic libraries:
0x00007ff664450000 - 0x00007ff664460000 	C:\Program Files\Java\jdk-17.0.5\bin\java.exe
0x00007ffed74b0000 - 0x00007ffed76c4000 	C:\WINDOWS\SYSTEM32\ntdll.dll
0x00007ffed66a0000 - 0x00007ffed6763000 	C:\WINDOWS\System32\KERNEL32.DLL
0x00007ffed4c90000 - 0x00007ffed502c000 	C:\WINDOWS\System32\KERNELBASE.dll
0x00007ffed48f0000 - 0x00007ffed4a01000 	C:\WINDOWS\System32\ucrtbase.dll
0x00007ffeb3fe0000 - 0x00007ffeb3ff8000 	C:\Program Files\Java\jdk-17.0.5\bin\jli.dll
0x00007ffeb3f20000 - 0x00007ffeb3f3a000 	C:\Program Files\Java\jdk-17.0.5\bin\VCRUNTIME140.dll
0x00007ffed5b00000 - 0x00007ffed5bae000 	C:\WINDOWS\System32\ADVAPI32.dll
0x00007ffed63a0000 - 0x00007ffed6447000 	C:\WINDOWS\System32\msvcrt.dll
0x00007ffed5a20000 - 0x00007ffed5ac4000 	C:\WINDOWS\System32\sechost.dll
0x00007ffed71f0000 - 0x00007ffed7305000 	C:\WINDOWS\System32\RPCRT4.dll
0x00007ffed5860000 - 0x00007ffed5a0d000 	C:\WINDOWS\System32\USER32.dll
0x00007ffed4a80000 - 0x00007ffed4aa6000 	C:\WINDOWS\System32\win32u.dll
0x00007ffeb0e60000 - 0x00007ffeb10ee000 	C:\WINDOWS\WinSxS\amd64_microsoft.windows.common-controls_6595b64144ccf1df_6.0.22621.608_none_a9444ca7c10bb01d\COMCTL32.dll
0x00007ffed5ad0000 - 0x00007ffed5af9000 	C:\WINDOWS\System32\GDI32.dll
0x00007ffed5030000 - 0x00007ffed5142000 	C:\WINDOWS\System32\gdi32full.dll
0x00007ffed4ab0000 - 0x00007ffed4b4a000 	C:\WINDOWS\System32\msvcp_win.dll
0x00007ffec89a0000 - 0x00007ffec89aa000 	C:\WINDOWS\SYSTEM32\VERSION.dll
0x00007ffed6560000 - 0x00007ffed6592000 	C:\WINDOWS\System32\IMM32.DLL
0x00007ffeb9650000 - 0x00007ffeb965c000 	C:\Program Files\Java\jdk-17.0.5\bin\vcruntime140_1.dll
0x00007ffe940f0000 - 0x00007ffe9417d000 	C:\Program Files\Java\jdk-17.0.5\bin\msvcp140.dll
0x00007ffe661c0000 - 0x00007ffe66d82000 	C:\Program Files\Java\jdk-17.0.5\bin\server\jvm.dll
0x00007ffed5a10000 - 0x00007ffed5a18000 	C:\WINDOWS\System32\PSAPI.DLL
0x00007ffed16a0000 - 0x00007ffed16a9000 	C:\WINDOWS\SYSTEM32\WSOCK32.dll
0x00007ffecd490000 - 0x00007ffecd4c4000 	C:\WINDOWS\SYSTEM32\WINMM.dll
0x00007ffed5760000 - 0x00007ffed57d1000 	C:\WINDOWS\System32\WS2_32.dll
0x00007ffed3940000 - 0x00007ffed3958000 	C:\WINDOWS\SYSTEM32\kernel.appcore.dll
0x00007ffeb7560000 - 0x00007ffeb756a000 	C:\Program Files\Java\jdk-17.0.5\bin\jimage.dll
0x00007ffed2220000 - 0x00007ffed244e000 	C:\WINDOWS\SYSTEM32\DBGHELP.DLL
0x00007ffed6b70000 - 0x00007ffed6efa000 	C:\WINDOWS\System32\combase.dll
0x00007ffed6870000 - 0x00007ffed6947000 	C:\WINDOWS\System32\OLEAUT32.dll
0x00007ffeb03a0000 - 0x00007ffeb03d2000 	C:\WINDOWS\SYSTEM32\dbgcore.DLL
0x00007ffed4c10000 - 0x00007ffed4c8b000 	C:\WINDOWS\System32\bcryptPrimitives.dll
0x00007ffea2580000 - 0x00007ffea25a5000 	C:\Program Files\Java\jdk-17.0.5\bin\java.dll

dbghelp: loaded successfully - version: 4.0.5 - missing functions: none
symbol engine: initialized successfully - sym options: 0x614 - pdb path: .;C:\Program Files\Java\jdk-17.0.5\bin;C:\WINDOWS\SYSTEM32;C:\WINDOWS\WinSxS\amd64_microsoft.windows.common-controls_6595b64144ccf1df_6.0.22621.608_none_a9444ca7c10bb01d;C:\Program Files\Java\jdk-17.0.5\bin\server

VM Arguments:
jvm_args: -Dfile.encoding=UTF-8 --module-path=D:\Duan1_Nhom7\build\classes 
java_command: Utilities.DBConnection
java_class_path (initial): C:\Program Files\NetBeans-13\netbeans\java\modules\ext\AbsoluteLayout.jar;D:\Duan1_Nhom7\lib\activation.jar;D:\Duan1_Nhom7\lib\javax.mail-1.6.2.jar;D:\Duan1_Nhom7\lib\javax.mail.jar;D:\Duan1_Nhom7\lib\jcalendar-1.4.jar;D:\Duan1_Nhom7\lib\mssql-jdbc-11.2.0.jre17.jar;D:\Duan1_Nhom7\lib\writeBarCore\barcode.jar;D:\Duan1_Nhom7\lib\writeBarCore\qrgen-1.0.jar;D:\Duan1_Nhom7\lib\writeBarCore\zxing-core-1.7.jar;D:\Duan1_Nhom7\lib\writeBarCore\zxing-j2se-1.7.jar;D:\Duan1_Nhom7\lib\QuetQR\bridj-0.6.2-windows-only.jar;D:\Duan1_Nhom7\lib\QuetQR\core-3.3.0.jar;D:\Duan1_Nhom7\lib\QuetQR\javase-3.3.0.jar;D:\Duan1_Nhom7\lib\QuetQR\log4j-1.2.17.jar;D:\Duan1_Nhom7\lib\QuetQR\slf4j-api-1.6.2.jar;D:\Duan1_Nhom7\lib\QuetQR\slf4j-log4j12-1.6.2.jar;D:\Duan1_Nhom7\lib\QuetQR\webcam-capture-0.3.12.jar;D:\Duan1_Nhom7\build\classes
Launcher Type: SUN_STANDARD

[Global flags]
     intx CICompilerCount                          = 4                                         {product} {ergonomic}
     uint ConcGCThreads                            = 2                                         {product} {ergonomic}
     uint G1ConcRefinementThreads                  = 8                                         {product} {ergonomic}
   size_t G1HeapRegionSize                         = 1048576                                   {product} {ergonomic}
    uintx GCDrainStackTargetSize                   = 64                                        {product} {ergonomic}
   size_t InitialHeapSize                          = 130023424                                 {product} {ergonomic}
   size_t MarkStackSize                            = 4194304                                   {product} {ergonomic}
   size_t MaxHeapSize                              = 2061500416                                {product} {ergonomic}
   size_t MinHeapDeltaBytes                        = 1048576                                   {product} {ergonomic}
   size_t MinHeapSize                              = 8388608                                   {product} {ergonomic}
    uintx NonNMethodCodeHeapSize                   = 5839372                                {pd product} {ergonomic}
    uintx NonProfiledCodeHeapSize                  = 122909434                              {pd product} {ergonomic}
    uintx ProfiledCodeHeapSize                     = 122909434                              {pd product} {ergonomic}
    uintx ReservedCodeCacheSize                    = 251658240                              {pd product} {ergonomic}
     bool SegmentedCodeCache                       = true                                      {product} {ergonomic}
   size_t SoftMaxHeapSize                          = 2061500416                             {manageable} {ergonomic}
     bool UseCompressedClassPointers               = true                           {product lp64_product} {ergonomic}
     bool UseCompressedOops                        = true                           {product lp64_product} {ergonomic}
     bool UseG1GC                                  = true                                      {product} {ergonomic}
     bool UseLargePagesIndividualAllocation        = false                                  {pd product} {ergonomic}

Logging:
Log output configuration:
 #0: stdout all=warning uptime,level,tags
 #1: stderr all=off uptime,level,tags

Environment Variables:
JAVA_HOME=C:\Users\HP\Downloads\jdk-16.0.2_windows-x64_bin.exe
PATH=C:\Program Files\Common Files\Oracle\Java\javapath;C:\Program Files\Java\jdk-16.0.2\bin;C:\WINDOWS\system32;C:\WINDOWS;C:\WINDOWS\System32\Wbem;C:\WINDOWS\System32\WindowsPowerShell\v1.0\;C:\WINDOWS\System32\OpenSSH\;C:\Program Files\Microsoft SQL Server\Client SDK\ODBC\170\Tools\Binn\;C:\Program Files (x86)\Microsoft SQL Server\150\Tools\Binn\;C:\Program Files\Microsoft SQL Server\150\Tools\Binn\;C:\Program Files\Microsoft SQL Server\150\DTS\Binn\;C:\Program Files (x86)\Microsoft SQL Server\150\DTS\Binn\;C:\Program Files\Azure Data Studio\bin;C:\Program Files\Git\cmd;C:\Users\HP\AppData\Local\Microsoft\WindowsApps;;D:\visual\Microsoft VS Code\bin;C:\Program Files\Azure Data Studio\bin
USERNAME=HP
OS=Windows_NT
PROCESSOR_IDENTIFIER=Intel64 Family 6 Model 140 Stepping 1, GenuineIntel



---------------  S Y S T E M  ---------------

OS:
 Windows 11 , 64 bit Build 22621 (10.0.22621.1194)
OS uptime: 10 days 15:48 hours

CPU: total 8 (initial active 8) (4 cores per cpu, 2 threads per core) family 6 model 140 stepping 1 microcode 0x8a, cx8, cmov, fxsr, ht, mmx, 3dnowpref, sse, sse2, sse3, ssse3, sse4.1, sse4.2, popcnt, lzcnt, tsc, tscinvbit, avx, avx2, aes, erms, clmul, bmi1, bmi2, adx, avx512f, avx512dq, avx512cd, avx512bw, avx512vl, sha, fma, vzeroupper, avx512_vpopcntdq, avx512_vpclmulqdq, avx512_vaes, avx512_vnni, clflush, clflushopt, clwb, avx512_vbmi2, avx512_vbmi

Memory: 4k page, system-wide physical 7859M (421M free)
TotalPageFile size 11955M (AvailPageFile size 19M)
current process WorkingSet (physical memory assigned to process): 11M, peak: 11M
current process commit charge ("private bytes"): 60M, peak: 184M

vm_info: Java HotSpot(TM) 64-Bit Server VM (17.0.5+9-LTS-191) for windows-amd64 JRE (17.0.5+9-LTS-191), built on Sep 13 2022 17:31:43 by "mach5one" with MS VC++ 16.8 / 16.9 (VS2019)

END.
